2019-02-10 13:13:13--DEBUG-freemarker.cache-main:Couldn't find template in cache for "author-view/author-view.ftl"("en", UTF-8, parsed); will try to load it.
2019-02-10 13:13:13--DEBUG-freemarker.cache-main:TemplateLoader.findTemplateSource("author-view/author-view_en.ftl"): Not found
2019-02-10 13:13:13--DEBUG-freemarker.cache-main:TemplateLoader.findTemplateSource("author-view/author-view.ftl"): Found
2019-02-10 13:13:13--DEBUG-freemarker.cache-main:Loading template for "author-view/author-view.ftl"("en", UTF-8, parsed) from "jar:file:/C:/Users/Sujoy/.m2/repository/com/aventstack/extentreports/3.1.5/extentreports-3.1.5.jar!/com/aventstack/extentreports/view/html-report/author-view/author-view.ftl"
2019-02-10 13:13:13--DEBUG-freemarker.cache-main:Couldn't find template in cache for "exception-view/exception-view.ftl"("en", UTF-8, parsed); will try to load it.
2019-02-10 13:13:13--DEBUG-freemarker.cache-main:TemplateLoader.findTemplateSource("exception-view/exception-view_en.ftl"): Not found
2019-02-10 13:13:13--DEBUG-freemarker.cache-main:TemplateLoader.findTemplateSource("exception-view/exception-view.ftl"): Found
2019-02-10 13:13:13--DEBUG-freemarker.cache-main:Loading template for "exception-view/exception-view.ftl"("en", UTF-8, parsed) from "jar:file:/C:/Users/Sujoy/.m2/repository/com/aventstack/extentreports/3.1.5/extentreports-3.1.5.jar!/com/aventstack/extentreports/view/html-report/exception-view/exception-view.ftl"
2019-02-10 13:13:13--DEBUG-freemarker.cache-main:Couldn't find template in cache for "dashboard-view/dashboard-view.ftl"("en", UTF-8, parsed); will try to load it.
2019-02-10 13:13:13--DEBUG-freemarker.cache-main:TemplateLoader.findTemplateSource("dashboard-view/dashboard-view_en.ftl"): Not found
2019-02-10 13:13:13--DEBUG-freemarker.cache-main:TemplateLoader.findTemplateSource("dashboard-view/dashboard-view.ftl"): Found
2019-02-10 13:13:13--DEBUG-freemarker.cache-main:Loading template for "dashboard-view/dashboard-view.ftl"("en", UTF-8, parsed) from "jar:file:/C:/Users/Sujoy/.m2/repository/com/aventstack/extentreports/3.1.5/extentreports-3.1.5.jar!/com/aventstack/extentreports/view/html-report/dashboard-view/dashboard-view.ftl"
2019-02-10 13:13:13--DEBUG-freemarker.cache-main:Couldn't find template in cache for "logs-view/testrunner-logs-view.ftl"("en", UTF-8, parsed); will try to load it.
2019-02-10 13:13:13--DEBUG-freemarker.cache-main:TemplateLoader.findTemplateSource("logs-view/testrunner-logs-view_en.ftl"): Not found
2019-02-10 13:13:13--DEBUG-freemarker.cache-main:TemplateLoader.findTemplateSource("logs-view/testrunner-logs-view.ftl"): Found
2019-02-10 13:13:13--DEBUG-freemarker.cache-main:Loading template for "logs-view/testrunner-logs-view.ftl"("en", UTF-8, parsed) from "jar:file:/C:/Users/Sujoy/.m2/repository/com/aventstack/extentreports/3.1.5/extentreports-3.1.5.jar!/com/aventstack/extentreports/view/html-report/logs-view/testrunner-logs-view.ftl"
2019-02-18 19:46:03--INFO -baseutil.TestBase-main:Browser instance created
2019-02-18 19:46:04--INFO -baseutil.TestBase-main:Browser Maximized
2019-02-18 19:46:07--INFO -baseutil.TestBase-main:Application Launched
2019-02-18 19:46:08--INFO -utility.SeleniumUtility-main:Value Entered successfully in UserName textbox
2019-02-18 19:46:08--INFO -utility.SeleniumUtility-main:Value Entered successfully in Password textbox
2019-02-18 19:47:19--INFO -utility.SeleniumUtility-main:Clicked successfully on Login Button
2019-02-18 19:47:45--INFO -baseutil.TestBase-main:Browser instance created
2019-02-18 19:47:46--INFO -baseutil.TestBase-main:Browser Maximized
2019-02-18 19:47:48--INFO -baseutil.TestBase-main:Application Launched
2019-02-18 19:47:49--INFO -utility.SeleniumUtility-main:Value Entered successfully in UserName textbox
2019-02-18 19:47:49--INFO -utility.SeleniumUtility-main:Value Entered successfully in Password textbox
2019-02-18 19:48:03--INFO -utility.SeleniumUtility-main:Clicked successfully on Login Button
2019-02-18 19:49:07--INFO -baseutil.TestBase-main:Browser instance created
2019-02-18 19:49:08--INFO -baseutil.TestBase-main:Browser Maximized
2019-02-18 19:49:11--INFO -baseutil.TestBase-main:Application Launched
2019-02-18 19:49:11--INFO -utility.SeleniumUtility-main:Value Entered successfully in UserName textbox
2019-02-18 19:49:11--INFO -utility.SeleniumUtility-main:Value Entered successfully in Password textbox
2019-02-18 19:49:12--INFO -com.gs.selenium.testcases.LoginTest-main:Browser closed
2019-02-18 19:49:12--DEBUG-freemarker.cache-main:Couldn't find template in cache for "index.ftl"("en", UTF-8, parsed); will try to load it.
2019-02-18 19:49:12--DEBUG-freemarker.cache-main:TemplateLoader.findTemplateSource("index_en.ftl"): Not found
2019-02-18 19:49:12--DEBUG-freemarker.cache-main:TemplateLoader.findTemplateSource("index.ftl"): Found
2019-02-18 19:49:12--DEBUG-freemarker.cache-main:Loading template for "index.ftl"("en", UTF-8, parsed) from "jar:file:/C:/Users/Sujoy/.m2/repository/com/aventstack/extentreports/3.1.5/extentreports-3.1.5.jar!/com/aventstack/extentreports/view/html-report/index.ftl"
2019-02-18 19:49:12--DEBUG-freemarker.cache-main:Couldn't find template in cache for "head.ftl"("en", UTF-8, parsed); will try to load it.
2019-02-18 19:49:12--DEBUG-freemarker.cache-main:TemplateLoader.findTemplateSource("head_en.ftl"): Not found
2019-02-18 19:49:12--DEBUG-freemarker.cache-main:TemplateLoader.findTemplateSource("head.ftl"): Found
2019-02-18 19:49:12--DEBUG-freemarker.cache-main:Loading template for "head.ftl"("en", UTF-8, parsed) from "jar:file:/C:/Users/Sujoy/.m2/repository/com/aventstack/extentreports/3.1.5/extentreports-3.1.5.jar!/com/aventstack/extentreports/view/html-report/head.ftl"
2019-02-18 19:49:12--DEBUG-freemarker.cache-main:Couldn't find template in cache for "nav.ftl"("en", UTF-8, parsed); will try to load it.
2019-02-18 19:49:12--DEBUG-freemarker.cache-main:TemplateLoader.findTemplateSource("nav_en.ftl"): Not found
2019-02-18 19:49:12--DEBUG-freemarker.cache-main:TemplateLoader.findTemplateSource("nav.ftl"): Found
2019-02-18 19:49:12--DEBUG-freemarker.cache-main:Loading template for "nav.ftl"("en", UTF-8, parsed) from "jar:file:/C:/Users/Sujoy/.m2/repository/com/aventstack/extentreports/3.1.5/extentreports-3.1.5.jar!/com/aventstack/extentreports/view/html-report/nav.ftl"
2019-02-18 19:49:12--DEBUG-freemarker.cache-main:Couldn't find template in cache for "test-view/test-view.ftl"("en", UTF-8, parsed); will try to load it.
2019-02-18 19:49:12--DEBUG-freemarker.cache-main:TemplateLoader.findTemplateSource("test-view/test-view_en.ftl"): Not found
2019-02-18 19:49:12--DEBUG-freemarker.cache-main:TemplateLoader.findTemplateSource("test-view/test-view.ftl"): Found
2019-02-18 19:49:12--DEBUG-freemarker.cache-main:Loading template for "test-view/test-view.ftl"("en", UTF-8, parsed) from "jar:file:/C:/Users/Sujoy/.m2/repository/com/aventstack/extentreports/3.1.5/extentreports-3.1.5.jar!/com/aventstack/extentreports/view/html-report/test-view/test-view.ftl"
2019-02-18 19:49:12--DEBUG-freemarker.cache-main:Couldn't find template in cache for "test-view/test-view-charts.ftl"("en", UTF-8, parsed); will try to load it.
2019-02-18 19:49:12--DEBUG-freemarker.cache-main:TemplateLoader.findTemplateSource("test-view/test-view-charts_en.ftl"): Not found
2019-02-18 19:49:12--DEBUG-freemarker.cache-main:TemplateLoader.findTemplateSource("test-view/test-view-charts.ftl"): Found
2019-02-18 19:49:12--DEBUG-freemarker.cache-main:Loading template for "test-view/test-view-charts.ftl"("en", UTF-8, parsed) from "jar:file:/C:/Users/Sujoy/.m2/repository/com/aventstack/extentreports/3.1.5/extentreports-3.1.5.jar!/com/aventstack/extentreports/view/html-report/test-view/test-view-charts.ftl"
2019-02-18 19:49:12--DEBUG-freemarker.cache-main:Couldn't find template in cache for "test-view/standard.ftl"("en", UTF-8, parsed); will try to load it.
2019-02-18 19:49:12--DEBUG-freemarker.cache-main:TemplateLoader.findTemplateSource("test-view/standard_en.ftl"): Not found
2019-02-18 19:49:12--DEBUG-freemarker.cache-main:TemplateLoader.findTemplateSource("test-view/standard.ftl"): Found
2019-02-18 19:49:12--DEBUG-freemarker.cache-main:Loading template for "test-view/standard.ftl"("en", UTF-8, parsed) from "jar:file:/C:/Users/Sujoy/.m2/repository/com/aventstack/extentreports/3.1.5/extentreports-3.1.5.jar!/com/aventstack/extentreports/view/html-report/test-view/standard.ftl"
2019-02-18 19:49:12--DEBUG-freemarker.cache-main:Couldn't find template in cache for "category-view/category-view.ftl"("en", UTF-8, parsed); will try to load it.
2019-02-18 19:49:12--DEBUG-freemarker.cache-main:TemplateLoader.findTemplateSource("category-view/category-view_en.ftl"): Not found
2019-02-18 19:49:12--DEBUG-freemarker.cache-main:TemplateLoader.findTemplateSource("category-view/category-view.ftl"): Found
2019-02-18 19:49:12--DEBUG-freemarker.cache-main:Loading template for "category-view/category-view.ftl"("en", UTF-8, parsed) from "jar:file:/C:/Users/Sujoy/.m2/repository/com/aventstack/extentreports/3.1.5/extentreports-3.1.5.jar!/com/aventstack/extentreports/view/html-report/category-view/category-view.ftl"
2019-02-18 19:49:12--DEBUG-freemarker.cache-main:Couldn't find template in cache for "author-view/author-view.ftl"("en", UTF-8, parsed); will try to load it.
2019-02-18 19:49:12--DEBUG-freemarker.cache-main:TemplateLoader.findTemplateSource("author-view/author-view_en.ftl"): Not found
2019-02-18 19:49:12--DEBUG-freemarker.cache-main:TemplateLoader.findTemplateSource("author-view/author-view.ftl"): Found
2019-02-18 19:49:12--DEBUG-freemarker.cache-main:Loading template for "author-view/author-view.ftl"("en", UTF-8, parsed) from "jar:file:/C:/Users/Sujoy/.m2/repository/com/aventstack/extentreports/3.1.5/extentreports-3.1.5.jar!/com/aventstack/extentreports/view/html-report/author-view/author-view.ftl"
2019-02-18 19:49:12--DEBUG-freemarker.cache-main:Couldn't find template in cache for "exception-view/exception-view.ftl"("en", UTF-8, parsed); will try to load it.
2019-02-18 19:49:12--DEBUG-freemarker.cache-main:TemplateLoader.findTemplateSource("exception-view/exception-view_en.ftl"): Not found
2019-02-18 19:49:12--DEBUG-freemarker.cache-main:TemplateLoader.findTemplateSource("exception-view/exception-view.ftl"): Found
2019-02-18 19:49:12--DEBUG-freemarker.cache-main:Loading template for "exception-view/exception-view.ftl"("en", UTF-8, parsed) from "jar:file:/C:/Users/Sujoy/.m2/repository/com/aventstack/extentreports/3.1.5/extentreports-3.1.5.jar!/com/aventstack/extentreports/view/html-report/exception-view/exception-view.ftl"
2019-02-18 19:49:12--DEBUG-freemarker.cache-main:Couldn't find template in cache for "dashboard-view/dashboard-view.ftl"("en", UTF-8, parsed); will try to load it.
2019-02-18 19:49:12--DEBUG-freemarker.cache-main:TemplateLoader.findTemplateSource("dashboard-view/dashboard-view_en.ftl"): Not found
2019-02-18 19:49:12--DEBUG-freemarker.cache-main:TemplateLoader.findTemplateSource("dashboard-view/dashboard-view.ftl"): Found
2019-02-18 19:49:12--DEBUG-freemarker.cache-main:Loading template for "dashboard-view/dashboard-view.ftl"("en", UTF-8, parsed) from "jar:file:/C:/Users/Sujoy/.m2/repository/com/aventstack/extentreports/3.1.5/extentreports-3.1.5.jar!/com/aventstack/extentreports/view/html-report/dashboard-view/dashboard-view.ftl"
2019-02-18 19:49:12--DEBUG-freemarker.cache-main:Couldn't find template in cache for "logs-view/testrunner-logs-view.ftl"("en", UTF-8, parsed); will try to load it.
2019-02-18 19:49:12--DEBUG-freemarker.cache-main:TemplateLoader.findTemplateSource("logs-view/testrunner-logs-view_en.ftl"): Not found
2019-02-18 19:49:12--DEBUG-freemarker.cache-main:TemplateLoader.findTemplateSource("logs-view/testrunner-logs-view.ftl"): Found
2019-02-18 19:49:12--DEBUG-freemarker.cache-main:Loading template for "logs-view/testrunner-logs-view.ftl"("en", UTF-8, parsed) from "jar:file:/C:/Users/Sujoy/.m2/repository/com/aventstack/extentreports/3.1.5/extentreports-3.1.5.jar!/com/aventstack/extentreports/view/html-report/logs-view/testrunner-logs-view.ftl"
2019-02-18 19:49:43--INFO -baseutil.TestBase-main:Browser instance created
2019-02-18 19:49:44--INFO -baseutil.TestBase-main:Browser Maximized
2019-02-18 19:49:46--INFO -baseutil.TestBase-main:Application Launched
2019-02-18 19:49:46--INFO -utility.SeleniumUtility-main:Value Entered successfully in UserName textbox
2019-02-18 19:49:46--INFO -utility.SeleniumUtility-main:Value Entered successfully in Password textbox
2019-02-18 19:49:47--INFO -com.gs.selenium.testcases.LoginTest-main:Browser closed
2019-02-18 19:49:47--DEBUG-freemarker.cache-main:Couldn't find template in cache for "index.ftl"("en", UTF-8, parsed); will try to load it.
2019-02-18 19:49:47--DEBUG-freemarker.cache-main:TemplateLoader.findTemplateSource("index_en.ftl"): Not found
2019-02-18 19:49:47--DEBUG-freemarker.cache-main:TemplateLoader.findTemplateSource("index.ftl"): Found
2019-02-18 19:49:47--DEBUG-freemarker.cache-main:Loading template for "index.ftl"("en", UTF-8, parsed) from "jar:file:/C:/Users/Sujoy/.m2/repository/com/aventstack/extentreports/3.1.5/extentreports-3.1.5.jar!/com/aventstack/extentreports/view/html-report/index.ftl"
2019-02-18 19:49:47--DEBUG-freemarker.cache-main:Couldn't find template in cache for "head.ftl"("en", UTF-8, parsed); will try to load it.
2019-02-18 19:49:47--DEBUG-freemarker.cache-main:TemplateLoader.findTemplateSource("head_en.ftl"): Not found
2019-02-18 19:49:47--DEBUG-freemarker.cache-main:TemplateLoader.findTemplateSource("head.ftl"): Found
2019-02-18 19:49:47--DEBUG-freemarker.cache-main:Loading template for "head.ftl"("en", UTF-8, parsed) from "jar:file:/C:/Users/Sujoy/.m2/repository/com/aventstack/extentreports/3.1.5/extentreports-3.1.5.jar!/com/aventstack/extentreports/view/html-report/head.ftl"
2019-02-18 19:49:47--DEBUG-freemarker.cache-main:Couldn't find template in cache for "nav.ftl"("en", UTF-8, parsed); will try to load it.
2019-02-18 19:49:47--DEBUG-freemarker.cache-main:TemplateLoader.findTemplateSource("nav_en.ftl"): Not found
2019-02-18 19:49:47--DEBUG-freemarker.cache-main:TemplateLoader.findTemplateSource("nav.ftl"): Found
2019-02-18 19:49:47--DEBUG-freemarker.cache-main:Loading template for "nav.ftl"("en", UTF-8, parsed) from "jar:file:/C:/Users/Sujoy/.m2/repository/com/aventstack/extentreports/3.1.5/extentreports-3.1.5.jar!/com/aventstack/extentreports/view/html-report/nav.ftl"
2019-02-18 19:49:47--DEBUG-freemarker.cache-main:Couldn't find template in cache for "test-view/test-view.ftl"("en", UTF-8, parsed); will try to load it.
2019-02-18 19:49:47--DEBUG-freemarker.cache-main:TemplateLoader.findTemplateSource("test-view/test-view_en.ftl"): Not found
2019-02-18 19:49:47--DEBUG-freemarker.cache-main:TemplateLoader.findTemplateSource("test-view/test-view.ftl"): Found
2019-02-18 19:49:47--DEBUG-freemarker.cache-main:Loading template for "test-view/test-view.ftl"("en", UTF-8, parsed) from "jar:file:/C:/Users/Sujoy/.m2/repository/com/aventstack/extentreports/3.1.5/extentreports-3.1.5.jar!/com/aventstack/extentreports/view/html-report/test-view/test-view.ftl"
2019-02-18 19:49:47--DEBUG-freemarker.cache-main:Couldn't find template in cache for "test-view/test-view-charts.ftl"("en", UTF-8, parsed); will try to load it.
2019-02-18 19:49:47--DEBUG-freemarker.cache-main:TemplateLoader.findTemplateSource("test-view/test-view-charts_en.ftl"): Not found
2019-02-18 19:49:47--DEBUG-freemarker.cache-main:TemplateLoader.findTemplateSource("test-view/test-view-charts.ftl"): Found
2019-02-18 19:49:47--DEBUG-freemarker.cache-main:Loading template for "test-view/test-view-charts.ftl"("en", UTF-8, parsed) from "jar:file:/C:/Users/Sujoy/.m2/repository/com/aventstack/extentreports/3.1.5/extentreports-3.1.5.jar!/com/aventstack/extentreports/view/html-report/test-view/test-view-charts.ftl"
2019-02-18 19:49:47--DEBUG-freemarker.cache-main:Couldn't find template in cache for "test-view/standard.ftl"("en", UTF-8, parsed); will try to load it.
2019-02-18 19:49:47--DEBUG-freemarker.cache-main:TemplateLoader.findTemplateSource("test-view/standard_en.ftl"): Not found
2019-02-18 19:49:47--DEBUG-freemarker.cache-main:TemplateLoader.findTemplateSource("test-view/standard.ftl"): Found
2019-02-18 19:49:47--DEBUG-freemarker.cache-main:Loading template for "test-view/standard.ftl"("en", UTF-8, parsed) from "jar:file:/C:/Users/Sujoy/.m2/repository/com/aventstack/extentreports/3.1.5/extentreports-3.1.5.jar!/com/aventstack/extentreports/view/html-report/test-view/standard.ftl"
2019-02-18 19:49:47--DEBUG-freemarker.cache-main:Couldn't find template in cache for "category-view/category-view.ftl"("en", UTF-8, parsed); will try to load it.
2019-02-18 19:49:47--DEBUG-freemarker.cache-main:TemplateLoader.findTemplateSource("category-view/category-view_en.ftl"): Not found
2019-02-18 19:49:47--DEBUG-freemarker.cache-main:TemplateLoader.findTemplateSource("category-view/category-view.ftl"): Found
2019-02-18 19:49:47--DEBUG-freemarker.cache-main:Loading template for "category-view/category-view.ftl"("en", UTF-8, parsed) from "jar:file:/C:/Users/Sujoy/.m2/repository/com/aventstack/extentreports/3.1.5/extentreports-3.1.5.jar!/com/aventstack/extentreports/view/html-report/category-view/category-view.ftl"
2019-02-18 19:49:47--DEBUG-freemarker.cache-main:Couldn't find template in cache for "author-view/author-view.ftl"("en", UTF-8, parsed); will try to load it.
2019-02-18 19:49:47--DEBUG-freemarker.cache-main:TemplateLoader.findTemplateSource("author-view/author-view_en.ftl"): Not found
2019-02-18 19:49:47--DEBUG-freemarker.cache-main:TemplateLoader.findTemplateSource("author-view/author-view.ftl"): Found
2019-02-18 19:49:47--DEBUG-freemarker.cache-main:Loading template for "author-view/author-view.ftl"("en", UTF-8, parsed) from "jar:file:/C:/Users/Sujoy/.m2/repository/com/aventstack/extentreports/3.1.5/extentreports-3.1.5.jar!/com/aventstack/extentreports/view/html-report/author-view/author-view.ftl"
2019-02-18 19:49:47--DEBUG-freemarker.cache-main:Couldn't find template in cache for "exception-view/exception-view.ftl"("en", UTF-8, parsed); will try to load it.
2019-02-18 19:49:47--DEBUG-freemarker.cache-main:TemplateLoader.findTemplateSource("exception-view/exception-view_en.ftl"): Not found
2019-02-18 19:49:47--DEBUG-freemarker.cache-main:TemplateLoader.findTemplateSource("exception-view/exception-view.ftl"): Found
2019-02-18 19:49:47--DEBUG-freemarker.cache-main:Loading template for "exception-view/exception-view.ftl"("en", UTF-8, parsed) from "jar:file:/C:/Users/Sujoy/.m2/repository/com/aventstack/extentreports/3.1.5/extentreports-3.1.5.jar!/com/aventstack/extentreports/view/html-report/exception-view/exception-view.ftl"
2019-02-18 19:49:47--DEBUG-freemarker.cache-main:Couldn't find template in cache for "dashboard-view/dashboard-view.ftl"("en", UTF-8, parsed); will try to load it.
2019-02-18 19:49:47--DEBUG-freemarker.cache-main:TemplateLoader.findTemplateSource("dashboard-view/dashboard-view_en.ftl"): Not found
2019-02-18 19:49:47--DEBUG-freemarker.cache-main:TemplateLoader.findTemplateSource("dashboard-view/dashboard-view.ftl"): Found
2019-02-18 19:49:47--DEBUG-freemarker.cache-main:Loading template for "dashboard-view/dashboard-view.ftl"("en", UTF-8, parsed) from "jar:file:/C:/Users/Sujoy/.m2/repository/com/aventstack/extentreports/3.1.5/extentreports-3.1.5.jar!/com/aventstack/extentreports/view/html-report/dashboard-view/dashboard-view.ftl"
2019-02-18 19:49:47--DEBUG-freemarker.cache-main:Couldn't find template in cache for "logs-view/testrunner-logs-view.ftl"("en", UTF-8, parsed); will try to load it.
2019-02-18 19:49:47--DEBUG-freemarker.cache-main:TemplateLoader.findTemplateSource("logs-view/testrunner-logs-view_en.ftl"): Not found
2019-02-18 19:49:47--DEBUG-freemarker.cache-main:TemplateLoader.findTemplateSource("logs-view/testrunner-logs-view.ftl"): Found
2019-02-18 19:49:47--DEBUG-freemarker.cache-main:Loading template for "logs-view/testrunner-logs-view.ftl"("en", UTF-8, parsed) from "jar:file:/C:/Users/Sujoy/.m2/repository/com/aventstack/extentreports/3.1.5/extentreports-3.1.5.jar!/com/aventstack/extentreports/view/html-report/logs-view/testrunner-logs-view.ftl"
2019-02-18 19:52:49--INFO -baseutil.TestBase-main:Browser instance created
2019-02-18 19:52:50--INFO -baseutil.TestBase-main:Browser Maximized
2019-02-18 19:52:53--INFO -baseutil.TestBase-main:Application Launched
2019-02-18 19:52:53--INFO -utility.SeleniumUtility-main:Value Entered successfully in UserName textbox
2019-02-18 19:52:53--INFO -utility.SeleniumUtility-main:Value Entered successfully in Password textbox
2019-02-18 19:52:53--INFO -com.gs.selenium.testcases.LoginTest-main:Browser closed
2019-02-18 19:52:53--DEBUG-freemarker.cache-main:Couldn't find template in cache for "index.ftl"("en", UTF-8, parsed); will try to load it.
2019-02-18 19:52:53--DEBUG-freemarker.cache-main:TemplateLoader.findTemplateSource("index_en.ftl"): Not found
2019-02-18 19:52:53--DEBUG-freemarker.cache-main:TemplateLoader.findTemplateSource("index.ftl"): Found
2019-02-18 19:52:53--DEBUG-freemarker.cache-main:Loading template for "index.ftl"("en", UTF-8, parsed) from "jar:file:/C:/Users/Sujoy/.m2/repository/com/aventstack/extentreports/3.1.5/extentreports-3.1.5.jar!/com/aventstack/extentreports/view/html-report/index.ftl"
2019-02-18 19:52:54--DEBUG-freemarker.cache-main:Couldn't find template in cache for "head.ftl"("en", UTF-8, parsed); will try to load it.
2019-02-18 19:52:54--DEBUG-freemarker.cache-main:TemplateLoader.findTemplateSource("head_en.ftl"): Not found
2019-02-18 19:52:54--DEBUG-freemarker.cache-main:TemplateLoader.findTemplateSource("head.ftl"): Found
2019-02-18 19:52:54--DEBUG-freemarker.cache-main:Loading template for "head.ftl"("en", UTF-8, parsed) from "jar:file:/C:/Users/Sujoy/.m2/repository/com/aventstack/extentreports/3.1.5/extentreports-3.1.5.jar!/com/aventstack/extentreports/view/html-report/head.ftl"
2019-02-18 19:52:54--DEBUG-freemarker.cache-main:Couldn't find template in cache for "nav.ftl"("en", UTF-8, parsed); will try to load it.
2019-02-18 19:52:54--DEBUG-freemarker.cache-main:TemplateLoader.findTemplateSource("nav_en.ftl"): Not found
2019-02-18 19:52:54--DEBUG-freemarker.cache-main:TemplateLoader.findTemplateSource("nav.ftl"): Found
2019-02-18 19:52:54--DEBUG-freemarker.cache-main:Loading template for "nav.ftl"("en", UTF-8, parsed) from "jar:file:/C:/Users/Sujoy/.m2/repository/com/aventstack/extentreports/3.1.5/extentreports-3.1.5.jar!/com/aventstack/extentreports/view/html-report/nav.ftl"
2019-02-18 19:52:54--DEBUG-freemarker.cache-main:Couldn't find template in cache for "test-view/test-view.ftl"("en", UTF-8, parsed); will try to load it.
2019-02-18 19:52:54--DEBUG-freemarker.cache-main:TemplateLoader.findTemplateSource("test-view/test-view_en.ftl"): Not found
2019-02-18 19:52:54--DEBUG-freemarker.cache-main:TemplateLoader.findTemplateSource("test-view/test-view.ftl"): Found
2019-02-18 19:52:54--DEBUG-freemarker.cache-main:Loading template for "test-view/test-view.ftl"("en", UTF-8, parsed) from "jar:file:/C:/Users/Sujoy/.m2/repository/com/aventstack/extentreports/3.1.5/extentreports-3.1.5.jar!/com/aventstack/extentreports/view/html-report/test-view/test-view.ftl"
2019-02-18 19:52:54--DEBUG-freemarker.cache-main:Couldn't find template in cache for "test-view/test-view-charts.ftl"("en", UTF-8, parsed); will try to load it.
2019-02-18 19:52:54--DEBUG-freemarker.cache-main:TemplateLoader.findTemplateSource("test-view/test-view-charts_en.ftl"): Not found
2019-02-18 19:52:54--DEBUG-freemarker.cache-main:TemplateLoader.findTemplateSource("test-view/test-view-charts.ftl"): Found
2019-02-18 19:52:54--DEBUG-freemarker.cache-main:Loading template for "test-view/test-view-charts.ftl"("en", UTF-8, parsed) from "jar:file:/C:/Users/Sujoy/.m2/repository/com/aventstack/extentreports/3.1.5/extentreports-3.1.5.jar!/com/aventstack/extentreports/view/html-report/test-view/test-view-charts.ftl"
2019-02-18 19:52:54--DEBUG-freemarker.cache-main:Couldn't find template in cache for "test-view/standard.ftl"("en", UTF-8, parsed); will try to load it.
2019-02-18 19:52:54--DEBUG-freemarker.cache-main:TemplateLoader.findTemplateSource("test-view/standard_en.ftl"): Not found
2019-02-18 19:52:54--DEBUG-freemarker.cache-main:TemplateLoader.findTemplateSource("test-view/standard.ftl"): Found
2019-02-18 19:52:54--DEBUG-freemarker.cache-main:Loading template for "test-view/standard.ftl"("en", UTF-8, parsed) from "jar:file:/C:/Users/Sujoy/.m2/repository/com/aventstack/extentreports/3.1.5/extentreports-3.1.5.jar!/com/aventstack/extentreports/view/html-report/test-view/standard.ftl"
2019-02-18 19:52:54--DEBUG-freemarker.cache-main:Couldn't find template in cache for "category-view/category-view.ftl"("en", UTF-8, parsed); will try to load it.
2019-02-18 19:52:54--DEBUG-freemarker.cache-main:TemplateLoader.findTemplateSource("category-view/category-view_en.ftl"): Not found
2019-02-18 19:52:54--DEBUG-freemarker.cache-main:TemplateLoader.findTemplateSource("category-view/category-view.ftl"): Found
2019-02-18 19:52:54--DEBUG-freemarker.cache-main:Loading template for "category-view/category-view.ftl"("en", UTF-8, parsed) from "jar:file:/C:/Users/Sujoy/.m2/repository/com/aventstack/extentreports/3.1.5/extentreports-3.1.5.jar!/com/aventstack/extentreports/view/html-report/category-view/category-view.ftl"
2019-02-18 19:52:54--DEBUG-freemarker.cache-main:Couldn't find template in cache for "author-view/author-view.ftl"("en", UTF-8, parsed); will try to load it.
2019-02-18 19:52:54--DEBUG-freemarker.cache-main:TemplateLoader.findTemplateSource("author-view/author-view_en.ftl"): Not found
2019-02-18 19:52:54--DEBUG-freemarker.cache-main:TemplateLoader.findTemplateSource("author-view/author-view.ftl"): Found
2019-02-18 19:52:54--DEBUG-freemarker.cache-main:Loading template for "author-view/author-view.ftl"("en", UTF-8, parsed) from "jar:file:/C:/Users/Sujoy/.m2/repository/com/aventstack/extentreports/3.1.5/extentreports-3.1.5.jar!/com/aventstack/extentreports/view/html-report/author-view/author-view.ftl"
2019-02-18 19:52:54--DEBUG-freemarker.cache-main:Couldn't find template in cache for "exception-view/exception-view.ftl"("en", UTF-8, parsed); will try to load it.
2019-02-18 19:52:54--DEBUG-freemarker.cache-main:TemplateLoader.findTemplateSource("exception-view/exception-view_en.ftl"): Not found
2019-02-18 19:52:54--DEBUG-freemarker.cache-main:TemplateLoader.findTemplateSource("exception-view/exception-view.ftl"): Found
2019-02-18 19:52:54--DEBUG-freemarker.cache-main:Loading template for "exception-view/exception-view.ftl"("en", UTF-8, parsed) from "jar:file:/C:/Users/Sujoy/.m2/repository/com/aventstack/extentreports/3.1.5/extentreports-3.1.5.jar!/com/aventstack/extentreports/view/html-report/exception-view/exception-view.ftl"
2019-02-18 19:52:54--DEBUG-freemarker.cache-main:Couldn't find template in cache for "dashboard-view/dashboard-view.ftl"("en", UTF-8, parsed); will try to load it.
2019-02-18 19:52:54--DEBUG-freemarker.cache-main:TemplateLoader.findTemplateSource("dashboard-view/dashboard-view_en.ftl"): Not found
2019-02-18 19:52:54--DEBUG-freemarker.cache-main:TemplateLoader.findTemplateSource("dashboard-view/dashboard-view.ftl"): Found
2019-02-18 19:52:54--DEBUG-freemarker.cache-main:Loading template for "dashboard-view/dashboard-view.ftl"("en", UTF-8, parsed) from "jar:file:/C:/Users/Sujoy/.m2/repository/com/aventstack/extentreports/3.1.5/extentreports-3.1.5.jar!/com/aventstack/extentreports/view/html-report/dashboard-view/dashboard-view.ftl"
2019-02-18 19:52:54--DEBUG-freemarker.cache-main:Couldn't find template in cache for "logs-view/testrunner-logs-view.ftl"("en", UTF-8, parsed); will try to load it.
2019-02-18 19:52:54--DEBUG-freemarker.cache-main:TemplateLoader.findTemplateSource("logs-view/testrunner-logs-view_en.ftl"): Not found
2019-02-18 19:52:54--DEBUG-freemarker.cache-main:TemplateLoader.findTemplateSource("logs-view/testrunner-logs-view.ftl"): Found
2019-02-18 19:52:54--DEBUG-freemarker.cache-main:Loading template for "logs-view/testrunner-logs-view.ftl"("en", UTF-8, parsed) from "jar:file:/C:/Users/Sujoy/.m2/repository/com/aventstack/extentreports/3.1.5/extentreports-3.1.5.jar!/com/aventstack/extentreports/view/html-report/logs-view/testrunner-logs-view.ftl"
2019-03-23 10:17:04--INFO -baseutil.TestBase-main:Browser instance created
2019-03-23 10:17:05--INFO -baseutil.TestBase-main:Browser Maximized
2019-03-23 10:17:10--INFO -baseutil.TestBase-main:Application Launched
2019-03-23 10:17:10--INFO -utility.SeleniumUtility-main:Value Entered successfully in UserName textbox
2019-03-23 10:17:10--INFO -utility.SeleniumUtility-main:Value Entered successfully in Password textbox
2019-03-23 10:17:10--INFO -com.gs.selenium.testcases.LoginTest-main:Browser closed
2019-03-23 10:17:10--DEBUG-freemarker.cache-main:Couldn't find template in cache for "index.ftl"("en", UTF-8, parsed); will try to load it.
2019-03-23 10:17:10--DEBUG-freemarker.cache-main:TemplateLoader.findTemplateSource("index_en.ftl"): Not found
2019-03-23 10:17:10--DEBUG-freemarker.cache-main:TemplateLoader.findTemplateSource("index.ftl"): Found
2019-03-23 10:17:10--DEBUG-freemarker.cache-main:Loading template for "index.ftl"("en", UTF-8, parsed) from "jar:file:/C:/Users/Sujoy/.m2/repository/com/aventstack/extentreports/3.1.5/extentreports-3.1.5.jar!/com/aventstack/extentreports/view/html-report/index.ftl"
2019-03-23 10:17:11--DEBUG-freemarker.cache-main:Couldn't find template in cache for "head.ftl"("en", UTF-8, parsed); will try to load it.
2019-03-23 10:17:11--DEBUG-freemarker.cache-main:TemplateLoader.findTemplateSource("head_en.ftl"): Not found
2019-03-23 10:17:11--DEBUG-freemarker.cache-main:TemplateLoader.findTemplateSource("head.ftl"): Found
2019-03-23 10:17:11--DEBUG-freemarker.cache-main:Loading template for "head.ftl"("en", UTF-8, parsed) from "jar:file:/C:/Users/Sujoy/.m2/repository/com/aventstack/extentreports/3.1.5/extentreports-3.1.5.jar!/com/aventstack/extentreports/view/html-report/head.ftl"
2019-03-23 10:17:11--DEBUG-freemarker.cache-main:Couldn't find template in cache for "nav.ftl"("en", UTF-8, parsed); will try to load it.
2019-03-23 10:17:11--DEBUG-freemarker.cache-main:TemplateLoader.findTemplateSource("nav_en.ftl"): Not found
2019-03-23 10:17:11--DEBUG-freemarker.cache-main:TemplateLoader.findTemplateSource("nav.ftl"): Found
2019-03-23 10:17:11--DEBUG-freemarker.cache-main:Loading template for "nav.ftl"("en", UTF-8, parsed) from "jar:file:/C:/Users/Sujoy/.m2/repository/com/aventstack/extentreports/3.1.5/extentreports-3.1.5.jar!/com/aventstack/extentreports/view/html-report/nav.ftl"
2019-03-23 10:17:11--DEBUG-freemarker.cache-main:Couldn't find template in cache for "test-view/test-view.ftl"("en", UTF-8, parsed); will try to load it.
2019-03-23 10:17:11--DEBUG-freemarker.cache-main:TemplateLoader.findTemplateSource("test-view/test-view_en.ftl"): Not found
2019-03-23 10:17:11--DEBUG-freemarker.cache-main:TemplateLoader.findTemplateSource("test-view/test-view.ftl"): Found
2019-03-23 10:17:11--DEBUG-freemarker.cache-main:Loading template for "test-view/test-view.ftl"("en", UTF-8, parsed) from "jar:file:/C:/Users/Sujoy/.m2/repository/com/aventstack/extentreports/3.1.5/extentreports-3.1.5.jar!/com/aventstack/extentreports/view/html-report/test-view/test-view.ftl"
2019-03-23 10:17:11--DEBUG-freemarker.cache-main:Couldn't find template in cache for "test-view/test-view-charts.ftl"("en", UTF-8, parsed); will try to load it.
2019-03-23 10:17:11--DEBUG-freemarker.cache-main:TemplateLoader.findTemplateSource("test-view/test-view-charts_en.ftl"): Not found
2019-03-23 10:17:11--DEBUG-freemarker.cache-main:TemplateLoader.findTemplateSource("test-view/test-view-charts.ftl"): Found
2019-03-23 10:17:11--DEBUG-freemarker.cache-main:Loading template for "test-view/test-view-charts.ftl"("en", UTF-8, parsed) from "jar:file:/C:/Users/Sujoy/.m2/repository/com/aventstack/extentreports/3.1.5/extentreports-3.1.5.jar!/com/aventstack/extentreports/view/html-report/test-view/test-view-charts.ftl"
2019-03-23 10:17:11--DEBUG-freemarker.cache-main:Couldn't find template in cache for "test-view/standard.ftl"("en", UTF-8, parsed); will try to load it.
2019-03-23 10:17:11--DEBUG-freemarker.cache-main:TemplateLoader.findTemplateSource("test-view/standard_en.ftl"): Not found
2019-03-23 10:17:11--DEBUG-freemarker.cache-main:TemplateLoader.findTemplateSource("test-view/standard.ftl"): Found
2019-03-23 10:17:11--DEBUG-freemarker.cache-main:Loading template for "test-view/standard.ftl"("en", UTF-8, parsed) from "jar:file:/C:/Users/Sujoy/.m2/repository/com/aventstack/extentreports/3.1.5/extentreports-3.1.5.jar!/com/aventstack/extentreports/view/html-report/test-view/standard.ftl"
2019-03-23 10:17:11--DEBUG-freemarker.cache-main:Couldn't find template in cache for "category-view/category-view.ftl"("en", UTF-8, parsed); will try to load it.
2019-03-23 10:17:11--DEBUG-freemarker.cache-main:TemplateLoader.findTemplateSource("category-view/category-view_en.ftl"): Not found
2019-03-23 10:17:11--DEBUG-freemarker.cache-main:TemplateLoader.findTemplateSource("category-view/category-view.ftl"): Found
2019-03-23 10:17:11--DEBUG-freemarker.cache-main:Loading template for "category-view/category-view.ftl"("en", UTF-8, parsed) from "jar:file:/C:/Users/Sujoy/.m2/repository/com/aventstack/extentreports/3.1.5/extentreports-3.1.5.jar!/com/aventstack/extentreports/view/html-report/category-view/category-view.ftl"
2019-03-23 10:17:11--DEBUG-freemarker.cache-main:Couldn't find template in cache for "author-view/author-view.ftl"("en", UTF-8, parsed); will try to load it.
2019-03-23 10:17:11--DEBUG-freemarker.cache-main:TemplateLoader.findTemplateSource("author-view/author-view_en.ftl"): Not found
2019-03-23 10:17:11--DEBUG-freemarker.cache-main:TemplateLoader.findTemplateSource("author-view/author-view.ftl"): Found
2019-03-23 10:17:11--DEBUG-freemarker.cache-main:Loading template for "author-view/author-view.ftl"("en", UTF-8, parsed) from "jar:file:/C:/Users/Sujoy/.m2/repository/com/aventstack/extentreports/3.1.5/extentreports-3.1.5.jar!/com/aventstack/extentreports/view/html-report/author-view/author-view.ftl"
2019-03-23 10:17:11--DEBUG-freemarker.cache-main:Couldn't find template in cache for "exception-view/exception-view.ftl"("en", UTF-8, parsed); will try to load it.
2019-03-23 10:17:11--DEBUG-freemarker.cache-main:TemplateLoader.findTemplateSource("exception-view/exception-view_en.ftl"): Not found
2019-03-23 10:17:11--DEBUG-freemarker.cache-main:TemplateLoader.findTemplateSource("exception-view/exception-view.ftl"): Found
2019-03-23 10:17:11--DEBUG-freemarker.cache-main:Loading template for "exception-view/exception-view.ftl"("en", UTF-8, parsed) from "jar:file:/C:/Users/Sujoy/.m2/repository/com/aventstack/extentreports/3.1.5/extentreports-3.1.5.jar!/com/aventstack/extentreports/view/html-report/exception-view/exception-view.ftl"
2019-03-23 10:17:11--DEBUG-freemarker.cache-main:Couldn't find template in cache for "dashboard-view/dashboard-view.ftl"("en", UTF-8, parsed); will try to load it.
2019-03-23 10:17:11--DEBUG-freemarker.cache-main:TemplateLoader.findTemplateSource("dashboard-view/dashboard-view_en.ftl"): Not found
2019-03-23 10:17:11--DEBUG-freemarker.cache-main:TemplateLoader.findTemplateSource("dashboard-view/dashboard-view.ftl"): Found
2019-03-23 10:17:11--DEBUG-freemarker.cache-main:Loading template for "dashboard-view/dashboard-view.ftl"("en", UTF-8, parsed) from "jar:file:/C:/Users/Sujoy/.m2/repository/com/aventstack/extentreports/3.1.5/extentreports-3.1.5.jar!/com/aventstack/extentreports/view/html-report/dashboard-view/dashboard-view.ftl"
2019-03-23 10:17:11--DEBUG-freemarker.cache-main:Couldn't find template in cache for "logs-view/testrunner-logs-view.ftl"("en", UTF-8, parsed); will try to load it.
2019-03-23 10:17:11--DEBUG-freemarker.cache-main:TemplateLoader.findTemplateSource("logs-view/testrunner-logs-view_en.ftl"): Not found
2019-03-23 10:17:11--DEBUG-freemarker.cache-main:TemplateLoader.findTemplateSource("logs-view/testrunner-logs-view.ftl"): Found
2019-03-23 10:17:11--DEBUG-freemarker.cache-main:Loading template for "logs-view/testrunner-logs-view.ftl"("en", UTF-8, parsed) from "jar:file:/C:/Users/Sujoy/.m2/repository/com/aventstack/extentreports/3.1.5/extentreports-3.1.5.jar!/com/aventstack/extentreports/view/html-report/logs-view/testrunner-logs-view.ftl"
2019-03-23 10:19:42--INFO -baseutil.TestBase-main:Browser instance created
2019-03-23 10:19:43--INFO -baseutil.TestBase-main:Browser Maximized
2019-03-23 10:19:46--INFO -baseutil.TestBase-main:Application Launched
2019-03-23 10:19:46--INFO -utility.SeleniumUtility-main:Value Entered successfully in UserName textbox
2019-03-23 10:19:46--INFO -utility.SeleniumUtility-main:Value Entered successfully in Password textbox
2019-03-23 10:19:47--INFO -com.gs.selenium.testcases.LoginTest-main:Browser closed
2019-03-23 10:19:47--DEBUG-freemarker.cache-main:Couldn't find template in cache for "index.ftl"("en", UTF-8, parsed); will try to load it.
2019-03-23 10:19:47--DEBUG-freemarker.cache-main:TemplateLoader.findTemplateSource("index_en.ftl"): Not found
2019-03-23 10:19:47--DEBUG-freemarker.cache-main:TemplateLoader.findTemplateSource("index.ftl"): Found
2019-03-23 10:19:47--DEBUG-freemarker.cache-main:Loading template for "index.ftl"("en", UTF-8, parsed) from "jar:file:/C:/Users/Sujoy/.m2/repository/com/aventstack/extentreports/3.1.5/extentreports-3.1.5.jar!/com/aventstack/extentreports/view/html-report/index.ftl"
2019-03-23 10:19:47--DEBUG-freemarker.cache-main:Couldn't find template in cache for "head.ftl"("en", UTF-8, parsed); will try to load it.
2019-03-23 10:19:47--DEBUG-freemarker.cache-main:TemplateLoader.findTemplateSource("head_en.ftl"): Not found
2019-03-23 10:19:47--DEBUG-freemarker.cache-main:TemplateLoader.findTemplateSource("head.ftl"): Found
2019-03-23 10:19:47--DEBUG-freemarker.cache-main:Loading template for "head.ftl"("en", UTF-8, parsed) from "jar:file:/C:/Users/Sujoy/.m2/repository/com/aventstack/extentreports/3.1.5/extentreports-3.1.5.jar!/com/aventstack/extentreports/view/html-report/head.ftl"
2019-03-23 10:19:47--DEBUG-freemarker.cache-main:Couldn't find template in cache for "nav.ftl"("en", UTF-8, parsed); will try to load it.
2019-03-23 10:19:47--DEBUG-freemarker.cache-main:TemplateLoader.findTemplateSource("nav_en.ftl"): Not found
2019-03-23 10:19:47--DEBUG-freemarker.cache-main:TemplateLoader.findTemplateSource("nav.ftl"): Found
2019-03-23 10:19:47--DEBUG-freemarker.cache-main:Loading template for "nav.ftl"("en", UTF-8, parsed) from "jar:file:/C:/Users/Sujoy/.m2/repository/com/aventstack/extentreports/3.1.5/extentreports-3.1.5.jar!/com/aventstack/extentreports/view/html-report/nav.ftl"
2019-03-23 10:19:47--DEBUG-freemarker.cache-main:Couldn't find template in cache for "test-view/test-view.ftl"("en", UTF-8, parsed); will try to load it.
2019-03-23 10:19:47--DEBUG-freemarker.cache-main:TemplateLoader.findTemplateSource("test-view/test-view_en.ftl"): Not found
2019-03-23 10:19:47--DEBUG-freemarker.cache-main:TemplateLoader.findTemplateSource("test-view/test-view.ftl"): Found
2019-03-23 10:19:47--DEBUG-freemarker.cache-main:Loading template for "test-view/test-view.ftl"("en", UTF-8, parsed) from "jar:file:/C:/Users/Sujoy/.m2/repository/com/aventstack/extentreports/3.1.5/extentreports-3.1.5.jar!/com/aventstack/extentreports/view/html-report/test-view/test-view.ftl"
2019-03-23 10:19:47--DEBUG-freemarker.cache-main:Couldn't find template in cache for "test-view/test-view-charts.ftl"("en", UTF-8, parsed); will try to load it.
2019-03-23 10:19:47--DEBUG-freemarker.cache-main:TemplateLoader.findTemplateSource("test-view/test-view-charts_en.ftl"): Not found
2019-03-23 10:19:47--DEBUG-freemarker.cache-main:TemplateLoader.findTemplateSource("test-view/test-view-charts.ftl"): Found
2019-03-23 10:19:47--DEBUG-freemarker.cache-main:Loading template for "test-view/test-view-charts.ftl"("en", UTF-8, parsed) from "jar:file:/C:/Users/Sujoy/.m2/repository/com/aventstack/extentreports/3.1.5/extentreports-3.1.5.jar!/com/aventstack/extentreports/view/html-report/test-view/test-view-charts.ftl"
2019-03-23 10:19:47--DEBUG-freemarker.cache-main:Couldn't find template in cache for "test-view/standard.ftl"("en", UTF-8, parsed); will try to load it.
2019-03-23 10:19:47--DEBUG-freemarker.cache-main:TemplateLoader.findTemplateSource("test-view/standard_en.ftl"): Not found
2019-03-23 10:19:47--DEBUG-freemarker.cache-main:TemplateLoader.findTemplateSource("test-view/standard.ftl"): Found
2019-03-23 10:19:47--DEBUG-freemarker.cache-main:Loading template for "test-view/standard.ftl"("en", UTF-8, parsed) from "jar:file:/C:/Users/Sujoy/.m2/repository/com/aventstack/extentreports/3.1.5/extentreports-3.1.5.jar!/com/aventstack/extentreports/view/html-report/test-view/standard.ftl"
2019-03-23 10:19:47--DEBUG-freemarker.cache-main:Couldn't find template in cache for "category-view/category-view.ftl"("en", UTF-8, parsed); will try to load it.
2019-03-23 10:19:47--DEBUG-freemarker.cache-main:TemplateLoader.findTemplateSource("category-view/category-view_en.ftl"): Not found
2019-03-23 10:19:47--DEBUG-freemarker.cache-main:TemplateLoader.findTemplateSource("category-view/category-view.ftl"): Found
2019-03-23 10:19:47--DEBUG-freemarker.cache-main:Loading template for "category-view/category-view.ftl"("en", UTF-8, parsed) from "jar:file:/C:/Users/Sujoy/.m2/repository/com/aventstack/extentreports/3.1.5/extentreports-3.1.5.jar!/com/aventstack/extentreports/view/html-report/category-view/category-view.ftl"
2019-03-23 10:19:47--DEBUG-freemarker.cache-main:Couldn't find template in cache for "author-view/author-view.ftl"("en", UTF-8, parsed); will try to load it.
2019-03-23 10:19:47--DEBUG-freemarker.cache-main:TemplateLoader.findTemplateSource("author-view/author-view_en.ftl"): Not found
2019-03-23 10:19:47--DEBUG-freemarker.cache-main:TemplateLoader.findTemplateSource("author-view/author-view.ftl"): Found
2019-03-23 10:19:47--DEBUG-freemarker.cache-main:Loading template for "author-view/author-view.ftl"("en", UTF-8, parsed) from "jar:file:/C:/Users/Sujoy/.m2/repository/com/aventstack/extentreports/3.1.5/extentreports-3.1.5.jar!/com/aventstack/extentreports/view/html-report/author-view/author-view.ftl"
2019-03-23 10:19:47--DEBUG-freemarker.cache-main:Couldn't find template in cache for "exception-view/exception-view.ftl"("en", UTF-8, parsed); will try to load it.
2019-03-23 10:19:47--DEBUG-freemarker.cache-main:TemplateLoader.findTemplateSource("exception-view/exception-view_en.ftl"): Not found
2019-03-23 10:19:47--DEBUG-freemarker.cache-main:TemplateLoader.findTemplateSource("exception-view/exception-view.ftl"): Found
2019-03-23 10:19:47--DEBUG-freemarker.cache-main:Loading template for "exception-view/exception-view.ftl"("en", UTF-8, parsed) from "jar:file:/C:/Users/Sujoy/.m2/repository/com/aventstack/extentreports/3.1.5/extentreports-3.1.5.jar!/com/aventstack/extentreports/view/html-report/exception-view/exception-view.ftl"
2019-03-23 10:19:47--DEBUG-freemarker.cache-main:Couldn't find template in cache for "dashboard-view/dashboard-view.ftl"("en", UTF-8, parsed); will try to load it.
2019-03-23 10:19:47--DEBUG-freemarker.cache-main:TemplateLoader.findTemplateSource("dashboard-view/dashboard-view_en.ftl"): Not found
2019-03-23 10:19:47--DEBUG-freemarker.cache-main:TemplateLoader.findTemplateSource("dashboard-view/dashboard-view.ftl"): Found
2019-03-23 10:19:47--DEBUG-freemarker.cache-main:Loading template for "dashboard-view/dashboard-view.ftl"("en", UTF-8, parsed) from "jar:file:/C:/Users/Sujoy/.m2/repository/com/aventstack/extentreports/3.1.5/extentreports-3.1.5.jar!/com/aventstack/extentreports/view/html-report/dashboard-view/dashboard-view.ftl"
2019-03-23 10:19:47--DEBUG-freemarker.cache-main:Couldn't find template in cache for "logs-view/testrunner-logs-view.ftl"("en", UTF-8, parsed); will try to load it.
2019-03-23 10:19:47--DEBUG-freemarker.cache-main:TemplateLoader.findTemplateSource("logs-view/testrunner-logs-view_en.ftl"): Not found
2019-03-23 10:19:47--DEBUG-freemarker.cache-main:TemplateLoader.findTemplateSource("logs-view/testrunner-logs-view.ftl"): Found
2019-03-23 10:19:47--DEBUG-freemarker.cache-main:Loading template for "logs-view/testrunner-logs-view.ftl"("en", UTF-8, parsed) from "jar:file:/C:/Users/Sujoy/.m2/repository/com/aventstack/extentreports/3.1.5/extentreports-3.1.5.jar!/com/aventstack/extentreports/view/html-report/logs-view/testrunner-logs-view.ftl"
2019-03-23 10:25:06--INFO -baseutil.TestBase-main:Browser instance created
2019-03-23 10:25:07--INFO -baseutil.TestBase-main:Browser Maximized
2019-03-23 10:25:11--INFO -baseutil.TestBase-main:Application Launched
2019-03-23 10:25:11--INFO -utility.SeleniumUtility-main:Value Entered successfully in UserName textbox
2019-03-23 10:25:11--INFO -utility.SeleniumUtility-main:Value Entered successfully in Password textbox
2019-03-23 10:25:11--INFO -com.gs.selenium.testcases.LoginTest-main:Browser closed
2019-03-23 10:25:12--DEBUG-freemarker.cache-main:Couldn't find template in cache for "index.ftl"("en", UTF-8, parsed); will try to load it.
2019-03-23 10:25:12--DEBUG-freemarker.cache-main:TemplateLoader.findTemplateSource("index_en.ftl"): Not found
2019-03-23 10:25:12--DEBUG-freemarker.cache-main:TemplateLoader.findTemplateSource("index.ftl"): Found
2019-03-23 10:25:12--DEBUG-freemarker.cache-main:Loading template for "index.ftl"("en", UTF-8, parsed) from "jar:file:/C:/Users/Sujoy/.m2/repository/com/aventstack/extentreports/3.1.5/extentreports-3.1.5.jar!/com/aventstack/extentreports/view/html-report/index.ftl"
2019-03-23 10:25:12--DEBUG-freemarker.cache-main:Couldn't find template in cache for "head.ftl"("en", UTF-8, parsed); will try to load it.
2019-03-23 10:25:12--DEBUG-freemarker.cache-main:TemplateLoader.findTemplateSource("head_en.ftl"): Not found
2019-03-23 10:25:12--DEBUG-freemarker.cache-main:TemplateLoader.findTemplateSource("head.ftl"): Found
2019-03-23 10:25:12--DEBUG-freemarker.cache-main:Loading template for "head.ftl"("en", UTF-8, parsed) from "jar:file:/C:/Users/Sujoy/.m2/repository/com/aventstack/extentreports/3.1.5/extentreports-3.1.5.jar!/com/aventstack/extentreports/view/html-report/head.ftl"
2019-03-23 10:25:12--DEBUG-freemarker.cache-main:Couldn't find template in cache for "nav.ftl"("en", UTF-8, parsed); will try to load it.
2019-03-23 10:25:12--DEBUG-freemarker.cache-main:TemplateLoader.findTemplateSource("nav_en.ftl"): Not found
2019-03-23 10:25:12--DEBUG-freemarker.cache-main:TemplateLoader.findTemplateSource("nav.ftl"): Found
2019-03-23 10:25:12--DEBUG-freemarker.cache-main:Loading template for "nav.ftl"("en", UTF-8, parsed) from "jar:file:/C:/Users/Sujoy/.m2/repository/com/aventstack/extentreports/3.1.5/extentreports-3.1.5.jar!/com/aventstack/extentreports/view/html-report/nav.ftl"
2019-03-23 10:25:12--DEBUG-freemarker.cache-main:Couldn't find template in cache for "test-view/test-view.ftl"("en", UTF-8, parsed); will try to load it.
2019-03-23 10:25:12--DEBUG-freemarker.cache-main:TemplateLoader.findTemplateSource("test-view/test-view_en.ftl"): Not found
2019-03-23 10:25:12--DEBUG-freemarker.cache-main:TemplateLoader.findTemplateSource("test-view/test-view.ftl"): Found
2019-03-23 10:25:12--DEBUG-freemarker.cache-main:Loading template for "test-view/test-view.ftl"("en", UTF-8, parsed) from "jar:file:/C:/Users/Sujoy/.m2/repository/com/aventstack/extentreports/3.1.5/extentreports-3.1.5.jar!/com/aventstack/extentreports/view/html-report/test-view/test-view.ftl"
2019-03-23 10:25:12--DEBUG-freemarker.cache-main:Couldn't find template in cache for "test-view/test-view-charts.ftl"("en", UTF-8, parsed); will try to load it.
2019-03-23 10:25:12--DEBUG-freemarker.cache-main:TemplateLoader.findTemplateSource("test-view/test-view-charts_en.ftl"): Not found
2019-03-23 10:25:12--DEBUG-freemarker.cache-main:TemplateLoader.findTemplateSource("test-view/test-view-charts.ftl"): Found
2019-03-23 10:25:12--DEBUG-freemarker.cache-main:Loading template for "test-view/test-view-charts.ftl"("en", UTF-8, parsed) from "jar:file:/C:/Users/Sujoy/.m2/repository/com/aventstack/extentreports/3.1.5/extentreports-3.1.5.jar!/com/aventstack/extentreports/view/html-report/test-view/test-view-charts.ftl"
2019-03-23 10:25:12--DEBUG-freemarker.cache-main:Couldn't find template in cache for "test-view/standard.ftl"("en", UTF-8, parsed); will try to load it.
2019-03-23 10:25:12--DEBUG-freemarker.cache-main:TemplateLoader.findTemplateSource("test-view/standard_en.ftl"): Not found
2019-03-23 10:25:12--DEBUG-freemarker.cache-main:TemplateLoader.findTemplateSource("test-view/standard.ftl"): Found
2019-03-23 10:25:12--DEBUG-freemarker.cache-main:Loading template for "test-view/standard.ftl"("en", UTF-8, parsed) from "jar:file:/C:/Users/Sujoy/.m2/repository/com/aventstack/extentreports/3.1.5/extentreports-3.1.5.jar!/com/aventstack/extentreports/view/html-report/test-view/standard.ftl"
2019-03-23 10:25:12--DEBUG-freemarker.cache-main:Couldn't find template in cache for "category-view/category-view.ftl"("en", UTF-8, parsed); will try to load it.
2019-03-23 10:25:12--DEBUG-freemarker.cache-main:TemplateLoader.findTemplateSource("category-view/category-view_en.ftl"): Not found
2019-03-23 10:25:12--DEBUG-freemarker.cache-main:TemplateLoader.findTemplateSource("category-view/category-view.ftl"): Found
2019-03-23 10:25:12--DEBUG-freemarker.cache-main:Loading template for "category-view/category-view.ftl"("en", UTF-8, parsed) from "jar:file:/C:/Users/Sujoy/.m2/repository/com/aventstack/extentreports/3.1.5/extentreports-3.1.5.jar!/com/aventstack/extentreports/view/html-report/category-view/category-view.ftl"
2019-03-23 10:25:12--DEBUG-freemarker.cache-main:Couldn't find template in cache for "author-view/author-view.ftl"("en", UTF-8, parsed); will try to load it.
2019-03-23 10:25:12--DEBUG-freemarker.cache-main:TemplateLoader.findTemplateSource("author-view/author-view_en.ftl"): Not found
2019-03-23 10:25:12--DEBUG-freemarker.cache-main:TemplateLoader.findTemplateSource("author-view/author-view.ftl"): Found
2019-03-23 10:25:12--DEBUG-freemarker.cache-main:Loading template for "author-view/author-view.ftl"("en", UTF-8, parsed) from "jar:file:/C:/Users/Sujoy/.m2/repository/com/aventstack/extentreports/3.1.5/extentreports-3.1.5.jar!/com/aventstack/extentreports/view/html-report/author-view/author-view.ftl"
2019-03-23 10:25:12--DEBUG-freemarker.cache-main:Couldn't find template in cache for "exception-view/exception-view.ftl"("en", UTF-8, parsed); will try to load it.
2019-03-23 10:25:12--DEBUG-freemarker.cache-main:TemplateLoader.findTemplateSource("exception-view/exception-view_en.ftl"): Not found
2019-03-23 10:25:12--DEBUG-freemarker.cache-main:TemplateLoader.findTemplateSource("exception-view/exception-view.ftl"): Found
2019-03-23 10:25:12--DEBUG-freemarker.cache-main:Loading template for "exception-view/exception-view.ftl"("en", UTF-8, parsed) from "jar:file:/C:/Users/Sujoy/.m2/repository/com/aventstack/extentreports/3.1.5/extentreports-3.1.5.jar!/com/aventstack/extentreports/view/html-report/exception-view/exception-view.ftl"
2019-03-23 10:25:12--DEBUG-freemarker.cache-main:Couldn't find template in cache for "dashboard-view/dashboard-view.ftl"("en", UTF-8, parsed); will try to load it.
2019-03-23 10:25:12--DEBUG-freemarker.cache-main:TemplateLoader.findTemplateSource("dashboard-view/dashboard-view_en.ftl"): Not found
2019-03-23 10:25:12--DEBUG-freemarker.cache-main:TemplateLoader.findTemplateSource("dashboard-view/dashboard-view.ftl"): Found
2019-03-23 10:25:12--DEBUG-freemarker.cache-main:Loading template for "dashboard-view/dashboard-view.ftl"("en", UTF-8, parsed) from "jar:file:/C:/Users/Sujoy/.m2/repository/com/aventstack/extentreports/3.1.5/extentreports-3.1.5.jar!/com/aventstack/extentreports/view/html-report/dashboard-view/dashboard-view.ftl"
2019-03-23 10:25:12--DEBUG-freemarker.cache-main:Couldn't find template in cache for "logs-view/testrunner-logs-view.ftl"("en", UTF-8, parsed); will try to load it.
2019-03-23 10:25:12--DEBUG-freemarker.cache-main:TemplateLoader.findTemplateSource("logs-view/testrunner-logs-view_en.ftl"): Not found
2019-03-23 10:25:12--DEBUG-freemarker.cache-main:TemplateLoader.findTemplateSource("logs-view/testrunner-logs-view.ftl"): Found
2019-03-23 10:25:12--DEBUG-freemarker.cache-main:Loading template for "logs-view/testrunner-logs-view.ftl"("en", UTF-8, parsed) from "jar:file:/C:/Users/Sujoy/.m2/repository/com/aventstack/extentreports/3.1.5/extentreports-3.1.5.jar!/com/aventstack/extentreports/view/html-report/logs-view/testrunner-logs-view.ftl"
2019-03-23 10:25:32--INFO -baseutil.TestBase-main:Browser instance created
2019-03-23 10:25:33--INFO -baseutil.TestBase-main:Browser Maximized
2019-03-23 10:25:36--INFO -baseutil.TestBase-main:Application Launched
2019-03-23 10:25:36--INFO -utility.SeleniumUtility-main:Value Entered successfully in UserName textbox
2019-03-23 10:25:36--INFO -utility.SeleniumUtility-main:Value Entered successfully in Password textbox
2019-03-23 10:25:36--INFO -com.gs.selenium.testcases.LoginTest-main:Browser closed
2019-03-23 10:25:36--DEBUG-freemarker.cache-main:Couldn't find template in cache for "index.ftl"("en", UTF-8, parsed); will try to load it.
2019-03-23 10:25:36--DEBUG-freemarker.cache-main:TemplateLoader.findTemplateSource("index_en.ftl"): Not found
2019-03-23 10:25:36--DEBUG-freemarker.cache-main:TemplateLoader.findTemplateSource("index.ftl"): Found
2019-03-23 10:25:36--DEBUG-freemarker.cache-main:Loading template for "index.ftl"("en", UTF-8, parsed) from "jar:file:/C:/Users/Sujoy/.m2/repository/com/aventstack/extentreports/3.1.5/extentreports-3.1.5.jar!/com/aventstack/extentreports/view/html-report/index.ftl"
2019-03-23 10:25:37--DEBUG-freemarker.cache-main:Couldn't find template in cache for "head.ftl"("en", UTF-8, parsed); will try to load it.
2019-03-23 10:25:37--DEBUG-freemarker.cache-main:TemplateLoader.findTemplateSource("head_en.ftl"): Not found
2019-03-23 10:25:37--DEBUG-freemarker.cache-main:TemplateLoader.findTemplateSource("head.ftl"): Found
2019-03-23 10:25:37--DEBUG-freemarker.cache-main:Loading template for "head.ftl"("en", UTF-8, parsed) from "jar:file:/C:/Users/Sujoy/.m2/repository/com/aventstack/extentreports/3.1.5/extentreports-3.1.5.jar!/com/aventstack/extentreports/view/html-report/head.ftl"
2019-03-23 10:25:37--DEBUG-freemarker.cache-main:Couldn't find template in cache for "nav.ftl"("en", UTF-8, parsed); will try to load it.
2019-03-23 10:25:37--DEBUG-freemarker.cache-main:TemplateLoader.findTemplateSource("nav_en.ftl"): Not found
2019-03-23 10:25:37--DEBUG-freemarker.cache-main:TemplateLoader.findTemplateSource("nav.ftl"): Found
2019-03-23 10:25:37--DEBUG-freemarker.cache-main:Loading template for "nav.ftl"("en", UTF-8, parsed) from "jar:file:/C:/Users/Sujoy/.m2/repository/com/aventstack/extentreports/3.1.5/extentreports-3.1.5.jar!/com/aventstack/extentreports/view/html-report/nav.ftl"
2019-03-23 10:25:37--DEBUG-freemarker.cache-main:Couldn't find template in cache for "test-view/test-view.ftl"("en", UTF-8, parsed); will try to load it.
2019-03-23 10:25:37--DEBUG-freemarker.cache-main:TemplateLoader.findTemplateSource("test-view/test-view_en.ftl"): Not found
2019-03-23 10:25:37--DEBUG-freemarker.cache-main:TemplateLoader.findTemplateSource("test-view/test-view.ftl"): Found
2019-03-23 10:25:37--DEBUG-freemarker.cache-main:Loading template for "test-view/test-view.ftl"("en", UTF-8, parsed) from "jar:file:/C:/Users/Sujoy/.m2/repository/com/aventstack/extentreports/3.1.5/extentreports-3.1.5.jar!/com/aventstack/extentreports/view/html-report/test-view/test-view.ftl"
2019-03-23 10:25:37--DEBUG-freemarker.cache-main:Couldn't find template in cache for "test-view/test-view-charts.ftl"("en", UTF-8, parsed); will try to load it.
2019-03-23 10:25:37--DEBUG-freemarker.cache-main:TemplateLoader.findTemplateSource("test-view/test-view-charts_en.ftl"): Not found
2019-03-23 10:25:37--DEBUG-freemarker.cache-main:TemplateLoader.findTemplateSource("test-view/test-view-charts.ftl"): Found
2019-03-23 10:25:37--DEBUG-freemarker.cache-main:Loading template for "test-view/test-view-charts.ftl"("en", UTF-8, parsed) from "jar:file:/C:/Users/Sujoy/.m2/repository/com/aventstack/extentreports/3.1.5/extentreports-3.1.5.jar!/com/aventstack/extentreports/view/html-report/test-view/test-view-charts.ftl"
2019-03-23 10:25:37--DEBUG-freemarker.cache-main:Couldn't find template in cache for "test-view/standard.ftl"("en", UTF-8, parsed); will try to load it.
2019-03-23 10:25:37--DEBUG-freemarker.cache-main:TemplateLoader.findTemplateSource("test-view/standard_en.ftl"): Not found
2019-03-23 10:25:37--DEBUG-freemarker.cache-main:TemplateLoader.findTemplateSource("test-view/standard.ftl"): Found
2019-03-23 10:25:37--DEBUG-freemarker.cache-main:Loading template for "test-view/standard.ftl"("en", UTF-8, parsed) from "jar:file:/C:/Users/Sujoy/.m2/repository/com/aventstack/extentreports/3.1.5/extentreports-3.1.5.jar!/com/aventstack/extentreports/view/html-report/test-view/standard.ftl"
2019-03-23 10:25:37--DEBUG-freemarker.cache-main:Couldn't find template in cache for "category-view/category-view.ftl"("en", UTF-8, parsed); will try to load it.
2019-03-23 10:25:37--DEBUG-freemarker.cache-main:TemplateLoader.findTemplateSource("category-view/category-view_en.ftl"): Not found
2019-03-23 10:25:37--DEBUG-freemarker.cache-main:TemplateLoader.findTemplateSource("category-view/category-view.ftl"): Found
2019-03-23 10:25:37--DEBUG-freemarker.cache-main:Loading template for "category-view/category-view.ftl"("en", UTF-8, parsed) from "jar:file:/C:/Users/Sujoy/.m2/repository/com/aventstack/extentreports/3.1.5/extentreports-3.1.5.jar!/com/aventstack/extentreports/view/html-report/category-view/category-view.ftl"
2019-03-23 10:25:37--DEBUG-freemarker.cache-main:Couldn't find template in cache for "author-view/author-view.ftl"("en", UTF-8, parsed); will try to load it.
2019-03-23 10:25:37--DEBUG-freemarker.cache-main:TemplateLoader.findTemplateSource("author-view/author-view_en.ftl"): Not found
2019-03-23 10:25:37--DEBUG-freemarker.cache-main:TemplateLoader.findTemplateSource("author-view/author-view.ftl"): Found
2019-03-23 10:25:37--DEBUG-freemarker.cache-main:Loading template for "author-view/author-view.ftl"("en", UTF-8, parsed) from "jar:file:/C:/Users/Sujoy/.m2/repository/com/aventstack/extentreports/3.1.5/extentreports-3.1.5.jar!/com/aventstack/extentreports/view/html-report/author-view/author-view.ftl"
2019-03-23 10:25:37--DEBUG-freemarker.cache-main:Couldn't find template in cache for "exception-view/exception-view.ftl"("en", UTF-8, parsed); will try to load it.
2019-03-23 10:25:37--DEBUG-freemarker.cache-main:TemplateLoader.findTemplateSource("exception-view/exception-view_en.ftl"): Not found
2019-03-23 10:25:37--DEBUG-freemarker.cache-main:TemplateLoader.findTemplateSource("exception-view/exception-view.ftl"): Found
2019-03-23 10:25:37--DEBUG-freemarker.cache-main:Loading template for "exception-view/exception-view.ftl"("en", UTF-8, parsed) from "jar:file:/C:/Users/Sujoy/.m2/repository/com/aventstack/extentreports/3.1.5/extentreports-3.1.5.jar!/com/aventstack/extentreports/view/html-report/exception-view/exception-view.ftl"
2019-03-23 10:25:37--DEBUG-freemarker.cache-main:Couldn't find template in cache for "dashboard-view/dashboard-view.ftl"("en", UTF-8, parsed); will try to load it.
2019-03-23 10:25:37--DEBUG-freemarker.cache-main:TemplateLoader.findTemplateSource("dashboard-view/dashboard-view_en.ftl"): Not found
2019-03-23 10:25:37--DEBUG-freemarker.cache-main:TemplateLoader.findTemplateSource("dashboard-view/dashboard-view.ftl"): Found
2019-03-23 10:25:37--DEBUG-freemarker.cache-main:Loading template for "dashboard-view/dashboard-view.ftl"("en", UTF-8, parsed) from "jar:file:/C:/Users/Sujoy/.m2/repository/com/aventstack/extentreports/3.1.5/extentreports-3.1.5.jar!/com/aventstack/extentreports/view/html-report/dashboard-view/dashboard-view.ftl"
2019-03-23 10:25:37--DEBUG-freemarker.cache-main:Couldn't find template in cache for "logs-view/testrunner-logs-view.ftl"("en", UTF-8, parsed); will try to load it.
2019-03-23 10:25:37--DEBUG-freemarker.cache-main:TemplateLoader.findTemplateSource("logs-view/testrunner-logs-view_en.ftl"): Not found
2019-03-23 10:25:37--DEBUG-freemarker.cache-main:TemplateLoader.findTemplateSource("logs-view/testrunner-logs-view.ftl"): Found
2019-03-23 10:25:37--DEBUG-freemarker.cache-main:Loading template for "logs-view/testrunner-logs-view.ftl"("en", UTF-8, parsed) from "jar:file:/C:/Users/Sujoy/.m2/repository/com/aventstack/extentreports/3.1.5/extentreports-3.1.5.jar!/com/aventstack/extentreports/view/html-report/logs-view/testrunner-logs-view.ftl"
2019-03-23 10:27:10--INFO -baseutil.TestBase-main:Browser instance created
2019-03-23 10:27:11--INFO -baseutil.TestBase-main:Browser Maximized
2019-03-23 10:27:14--INFO -baseutil.TestBase-main:Application Launched
2019-03-23 10:27:14--INFO -utility.SeleniumUtility-main:Value Entered successfully in UserName textbox
2019-03-23 10:27:14--INFO -utility.SeleniumUtility-main:Value Entered successfully in Password textbox
2019-03-23 10:27:15--INFO -com.gs.selenium.testcases.LoginTest-main:Browser closed
2019-03-23 10:27:15--DEBUG-freemarker.cache-main:Couldn't find template in cache for "index.ftl"("en", UTF-8, parsed); will try to load it.
2019-03-23 10:27:15--DEBUG-freemarker.cache-main:TemplateLoader.findTemplateSource("index_en.ftl"): Not found
2019-03-23 10:27:15--DEBUG-freemarker.cache-main:TemplateLoader.findTemplateSource("index.ftl"): Found
2019-03-23 10:27:15--DEBUG-freemarker.cache-main:Loading template for "index.ftl"("en", UTF-8, parsed) from "jar:file:/C:/Users/Sujoy/.m2/repository/com/aventstack/extentreports/3.1.5/extentreports-3.1.5.jar!/com/aventstack/extentreports/view/html-report/index.ftl"
2019-03-23 10:27:16--DEBUG-freemarker.cache-main:Couldn't find template in cache for "head.ftl"("en", UTF-8, parsed); will try to load it.
2019-03-23 10:27:16--DEBUG-freemarker.cache-main:TemplateLoader.findTemplateSource("head_en.ftl"): Not found
2019-03-23 10:27:16--DEBUG-freemarker.cache-main:TemplateLoader.findTemplateSource("head.ftl"): Found
2019-03-23 10:27:16--DEBUG-freemarker.cache-main:Loading template for "head.ftl"("en", UTF-8, parsed) from "jar:file:/C:/Users/Sujoy/.m2/repository/com/aventstack/extentreports/3.1.5/extentreports-3.1.5.jar!/com/aventstack/extentreports/view/html-report/head.ftl"
2019-03-23 10:27:16--DEBUG-freemarker.cache-main:Couldn't find template in cache for "nav.ftl"("en", UTF-8, parsed); will try to load it.
2019-03-23 10:27:16--DEBUG-freemarker.cache-main:TemplateLoader.findTemplateSource("nav_en.ftl"): Not found
2019-03-23 10:27:16--DEBUG-freemarker.cache-main:TemplateLoader.findTemplateSource("nav.ftl"): Found
2019-03-23 10:27:16--DEBUG-freemarker.cache-main:Loading template for "nav.ftl"("en", UTF-8, parsed) from "jar:file:/C:/Users/Sujoy/.m2/repository/com/aventstack/extentreports/3.1.5/extentreports-3.1.5.jar!/com/aventstack/extentreports/view/html-report/nav.ftl"
2019-03-23 10:27:16--DEBUG-freemarker.cache-main:Couldn't find template in cache for "test-view/test-view.ftl"("en", UTF-8, parsed); will try to load it.
2019-03-23 10:27:16--DEBUG-freemarker.cache-main:TemplateLoader.findTemplateSource("test-view/test-view_en.ftl"): Not found
2019-03-23 10:27:16--DEBUG-freemarker.cache-main:TemplateLoader.findTemplateSource("test-view/test-view.ftl"): Found
2019-03-23 10:27:16--DEBUG-freemarker.cache-main:Loading template for "test-view/test-view.ftl"("en", UTF-8, parsed) from "jar:file:/C:/Users/Sujoy/.m2/repository/com/aventstack/extentreports/3.1.5/extentreports-3.1.5.jar!/com/aventstack/extentreports/view/html-report/test-view/test-view.ftl"
2019-03-23 10:27:16--DEBUG-freemarker.cache-main:Couldn't find template in cache for "test-view/test-view-charts.ftl"("en", UTF-8, parsed); will try to load it.
2019-03-23 10:27:16--DEBUG-freemarker.cache-main:TemplateLoader.findTemplateSource("test-view/test-view-charts_en.ftl"): Not found
2019-03-23 10:27:16--DEBUG-freemarker.cache-main:TemplateLoader.findTemplateSource("test-view/test-view-charts.ftl"): Found
2019-03-23 10:27:16--DEBUG-freemarker.cache-main:Loading template for "test-view/test-view-charts.ftl"("en", UTF-8, parsed) from "jar:file:/C:/Users/Sujoy/.m2/repository/com/aventstack/extentreports/3.1.5/extentreports-3.1.5.jar!/com/aventstack/extentreports/view/html-report/test-view/test-view-charts.ftl"
2019-03-23 10:27:16--DEBUG-freemarker.cache-main:Couldn't find template in cache for "test-view/standard.ftl"("en", UTF-8, parsed); will try to load it.
2019-03-23 10:27:16--DEBUG-freemarker.cache-main:TemplateLoader.findTemplateSource("test-view/standard_en.ftl"): Not found
2019-03-23 10:27:16--DEBUG-freemarker.cache-main:TemplateLoader.findTemplateSource("test-view/standard.ftl"): Found
2019-03-23 10:27:16--DEBUG-freemarker.cache-main:Loading template for "test-view/standard.ftl"("en", UTF-8, parsed) from "jar:file:/C:/Users/Sujoy/.m2/repository/com/aventstack/extentreports/3.1.5/extentreports-3.1.5.jar!/com/aventstack/extentreports/view/html-report/test-view/standard.ftl"
2019-03-23 10:27:16--DEBUG-freemarker.cache-main:Couldn't find template in cache for "category-view/category-view.ftl"("en", UTF-8, parsed); will try to load it.
2019-03-23 10:27:16--DEBUG-freemarker.cache-main:TemplateLoader.findTemplateSource("category-view/category-view_en.ftl"): Not found
2019-03-23 10:27:16--DEBUG-freemarker.cache-main:TemplateLoader.findTemplateSource("category-view/category-view.ftl"): Found
2019-03-23 10:27:16--DEBUG-freemarker.cache-main:Loading template for "category-view/category-view.ftl"("en", UTF-8, parsed) from "jar:file:/C:/Users/Sujoy/.m2/repository/com/aventstack/extentreports/3.1.5/extentreports-3.1.5.jar!/com/aventstack/extentreports/view/html-report/category-view/category-view.ftl"
2019-03-23 10:27:16--DEBUG-freemarker.cache-main:Couldn't find template in cache for "author-view/author-view.ftl"("en", UTF-8, parsed); will try to load it.
2019-03-23 10:27:16--DEBUG-freemarker.cache-main:TemplateLoader.findTemplateSource("author-view/author-view_en.ftl"): Not found
2019-03-23 10:27:16--DEBUG-freemarker.cache-main:TemplateLoader.findTemplateSource("author-view/author-view.ftl"): Found
2019-03-23 10:27:16--DEBUG-freemarker.cache-main:Loading template for "author-view/author-view.ftl"("en", UTF-8, parsed) from "jar:file:/C:/Users/Sujoy/.m2/repository/com/aventstack/extentreports/3.1.5/extentreports-3.1.5.jar!/com/aventstack/extentreports/view/html-report/author-view/author-view.ftl"
2019-03-23 10:27:16--DEBUG-freemarker.cache-main:Couldn't find template in cache for "exception-view/exception-view.ftl"("en", UTF-8, parsed); will try to load it.
2019-03-23 10:27:16--DEBUG-freemarker.cache-main:TemplateLoader.findTemplateSource("exception-view/exception-view_en.ftl"): Not found
2019-03-23 10:27:16--DEBUG-freemarker.cache-main:TemplateLoader.findTemplateSource("exception-view/exception-view.ftl"): Found
2019-03-23 10:27:16--DEBUG-freemarker.cache-main:Loading template for "exception-view/exception-view.ftl"("en", UTF-8, parsed) from "jar:file:/C:/Users/Sujoy/.m2/repository/com/aventstack/extentreports/3.1.5/extentreports-3.1.5.jar!/com/aventstack/extentreports/view/html-report/exception-view/exception-view.ftl"
2019-03-23 10:27:16--DEBUG-freemarker.cache-main:Couldn't find template in cache for "dashboard-view/dashboard-view.ftl"("en", UTF-8, parsed); will try to load it.
2019-03-23 10:27:16--DEBUG-freemarker.cache-main:TemplateLoader.findTemplateSource("dashboard-view/dashboard-view_en.ftl"): Not found
2019-03-23 10:27:16--DEBUG-freemarker.cache-main:TemplateLoader.findTemplateSource("dashboard-view/dashboard-view.ftl"): Found
2019-03-23 10:27:16--DEBUG-freemarker.cache-main:Loading template for "dashboard-view/dashboard-view.ftl"("en", UTF-8, parsed) from "jar:file:/C:/Users/Sujoy/.m2/repository/com/aventstack/extentreports/3.1.5/extentreports-3.1.5.jar!/com/aventstack/extentreports/view/html-report/dashboard-view/dashboard-view.ftl"
2019-03-23 10:27:16--DEBUG-freemarker.cache-main:Couldn't find template in cache for "logs-view/testrunner-logs-view.ftl"("en", UTF-8, parsed); will try to load it.
2019-03-23 10:27:16--DEBUG-freemarker.cache-main:TemplateLoader.findTemplateSource("logs-view/testrunner-logs-view_en.ftl"): Not found
2019-03-23 10:27:16--DEBUG-freemarker.cache-main:TemplateLoader.findTemplateSource("logs-view/testrunner-logs-view.ftl"): Found
2019-03-23 10:27:16--DEBUG-freemarker.cache-main:Loading template for "logs-view/testrunner-logs-view.ftl"("en", UTF-8, parsed) from "jar:file:/C:/Users/Sujoy/.m2/repository/com/aventstack/extentreports/3.1.5/extentreports-3.1.5.jar!/com/aventstack/extentreports/view/html-report/logs-view/testrunner-logs-view.ftl"
